  freertos.c
  stm32f4xx_it.c
  stm32f4xx_hal_msp.c
  stm32f4xx_hal_timebase_tim.c
  main.c
  stm32f4xx_hal.c
  stm32f4xx_hal_adc.c
  stm32f4xx_hal_adc_ex.c
  stm32f4xx_hal_exti.c
  stm32f4xx_hal_uart.c
  stm32f4xx_hal_pwr.c
  stm32f4xx_hal_pwr_ex.c
  stm32f4xx_hal_flash.c
  stm32f4xx_hal_flash_ex.c
  stm32f4xx_hal_flash_ramfunc.c
  stm32f4xx_hal_gpio.c
  Src/main.c: In function 'fputc':
Src\main.c(234,20): warning :  passing argument 1 of 'HAL_UART_Transmit' discards 'volatile' qualifier from pointer target type [-Wdiscarded-qualifiers]
    HAL_UART_Transmit(UartHandle, temp, 1, 2);
                      ^~~~~~~~~~
  Inc\stm32f4xx_hal_conf.h(360):
  Drivers\STM32F4xx_HAL_Driver\Inc\stm32f4xx_hal.h(30):
  Inc\main.h(31):
  Src\main.c(22):
  Drivers\STM32F4xx_HAL_Driver\Inc\stm32f4xx_hal_uart.h(696,19): note :  expected 'UART_HandleTypeDef * {aka struct __UART_HandleTypeDef *}' but argument is of type 'volatile UART_HandleTypeDef * {aka volatile struct __UART_HandleTypeDef *}'
   HAL_StatusTypeDef HAL_UART_Transmit(UART_HandleTypeDef *huart, uint8_t *pData, uint16_t Size, uint32_t Timeout);
                     ^~~~~~~~~~~~~~~~~
  croutine.c
  event_groups.c
  list.c
  queue.c
  stream_buffer.c
  tasks.c
  timers.c
  cmsis_os.c
  heap_4.c
  port.c
  stm32f4xx_hal_iwdg.c
  stm32f4xx_hal_rcc.c
  stm32f4xx_hal_rcc_ex.c
  stm32f4xx_hal_cortex.c
  stm32f4xx_hal_tim.c
  stm32f4xx_hal_tim_ex.c
  stm32f4xx_hal_dma_ex.c
  stm32f4xx_hal_dma.c
  Linking VisualGDB/Debug/S1ConSys...
  ------------------- Memory utilization report -------------------
  Used FLASH: 34KB out of 512KB (6%) [+472]
  Used SRAM: 17KB out of 128KB (14%) [+596]
  Used CCMRAM: 0 bytes out of 64KB (0%)
